{
  status: undefined,
  path: '\\controllers\\order\\order.controller.js',
  level: 'error',
  message: 'amqp is not defined',
  timestamp: '2024-04-02 17:23:54'
}
{
  status: undefined,
  path: '\\controllers\\order\\order.controller.js',
  level: 'error',
  message: 'ORDER_QUEUE is not defined',
  timestamp: '2024-04-02 17:24:30'
}
{
  status: undefined,
  path: '\\controllers\\order\\order.controller.js',
  level: 'error',
  message: "Cannot read properties of null (reading 'subTotal')",
  timestamp: '2024-04-02 17:36:43'
}
{
  status: undefined,
  path: '\\controllers\\order\\order.controller.js',
  level: 'error',
  message: "Cannot read properties of null (reading 'items')",
  timestamp: '2024-04-02 19:10:13'
}
{
  status: undefined,
  path: '\\controllers\\order\\order.controller.js',
  level: 'error',
  message: "Cannot read properties of null (reading 'items')",
  timestamp: '2024-04-02 19:10:40'
}
{
  status: undefined,
  path: '\\controllers\\order\\order.controller.js',
  level: 'error',
  message: "Cannot read properties of undefined (reading 'items')",
  timestamp: '2024-04-02 19:34:41'
}
{
  status: undefined,
  path: '\\controllers\\order\\order.controller.js',
  level: 'error',
  message: "Cannot read properties of undefined (reading 'items')",
  timestamp: '2024-04-02 19:35:08'
}
{
  status: undefined,
  path: '\\controllers\\order\\order.controller.js',
  level: 'error',
  message: "Cannot read properties of undefined (reading 'items')",
  timestamp: '2024-04-02 19:37:26'
}
