{
  status: undefined,
  path: '\\controllers\\order\\order.controller.js',
  level: 'error',
  message: "Cannot destructure property 'cart' of '(intermediate value)' as it is undefined.",
  timestamp: '2024-04-08 08:16:47'
}
{
  status: undefined,
  path: '\\controllers\\order\\order.controller.js',
  level: 'error',
  message: 'subTotal is not defined',
  timestamp: '2024-04-08 08:18:09'
}
{
  status: undefined,
  path: '\\controllers\\order\\order.controller.js',
  level: 'error',
  message: 'subTotal is not defined',
  timestamp: '2024-04-08 08:20:31'
}
{
  status: undefined,
  path: '\\utils\\message_broker\\rabbitmq.js',
  level: 'error',
  message: "Cannot read properties of undefined (reading 'sendToQueue')",
  timestamp: '2024-04-08 09:04:57'
}
{
  status: undefined,
  path: '\\controllers\\order\\order.controller.js',
  level: 'error',
  message: 'userDetails is not defined',
  timestamp: '2024-04-08 09:23:42'
}
{
  status: undefined,
  path: '\\controllers\\order\\order.controller.js',
  level: 'error',
  message: "Cannot destructure property 'cart' of '(intermediate value)' as it is undefined.",
  timestamp: '2024-04-08 09:50:29'
}
{
  status: undefined,
  path: '\\controllers\\order\\order.controller.js',
  level: 'error',
  message: 'Queue.deleteCartItems is not a function',
  timestamp: '2024-04-08 09:51:53'
}
{
  status: '422',
  path: '\\controllers\\order\\order.controller.js',
  level: 'error',
  message: '"orderID" is required',
  timestamp: '2024-04-08 10:19:25'
}
{
  status: '422',
  path: '\\controllers\\order\\order.controller.js',
  level: 'error',
  message: '"orderID" is required',
  timestamp: '2024-04-08 10:26:18'
}
{
  status: undefined,
  path: '\\controllers\\order\\order.controller.js',
  level: 'error',
  message: 'DEFAULT_OFFSET is not defined',
  timestamp: '2024-04-08 10:27:20'
}
{
  status: '404',
  path: '\\controllers\\order\\order.controller.js',
  level: 'error',
  message: 'Your cart is empty',
  timestamp: '2024-04-08 10:35:33'
}
{
  status: '422',
  path: '\\controllers\\order\\order.controller.js',
  level: 'error',
  message: '"orderID" is required',
  timestamp: '2024-04-08 10:40:55'
}
